{"contracts/AltCrowdsalePhases.sol":{"l":{},"path":"/Users/aler/crypto/altestate-3/contracts/AltCrowdsalePhases.sol","s":{},"b":{},"f":{"1":1,"2":1},"fnMap":{"1":{"name":"AltCrowdsalePhaseTwo","line":6,"loc":{"start":{"line":6,"column":2},"end":{"line":34,"column":10}}},"2":{"name":"AltCrowdsalePhaseOne","line":40,"loc":{"start":{"line":40,"column":2},"end":{"line":68,"column":10}}}},"statementMap":{},"branchMap":{}},"contracts/AltToken.sol":{"l":{},"path":"/Users/aler/crypto/altestate-3/contracts/AltToken.sol","s":{},"b":{},"f":{"1":2},"fnMap":{"1":{"name":"AltToken","line":6,"loc":{"start":{"line":6,"column":2},"end":{"line":6,"column":94}}}},"statementMap":{},"branchMap":{}},"contracts/base/ApproveAndCallToken.sol":{"l":{"7":4,"8":4,"9":4,"10":2,"12":0},"path":"/Users/aler/crypto/altestate-3/contracts/base/ApproveAndCallToken.sol","s":{"1":4,"2":4,"3":2,"4":0},"b":{"1":[4,0]},"f":{"1":4},"fnMap":{"1":{"name":"approveAndCall","line":6,"loc":{"start":{"line":6,"column":2},"end":{"line":6,"column":91}}}},"statementMap":{"1":{"start":{"line":7,"column":4},"end":{"line":7,"column":52}},"2":{"start":{"line":8,"column":4},"end":{"line":8,"column":325}},"3":{"start":{"line":10,"column":6},"end":{"line":10,"column":17}},"4":{"start":{"line":12,"column":4},"end":{"line":12,"column":16}}},"branchMap":{"1":{"line":8,"type":"if","locations":[{"start":{"line":8,"column":4},"end":{"line":8,"column":4}},{"start":{"line":8,"column":4},"end":{"line":8,"column":4}}]}}},"contracts/base/BaseAltCrowdsale.sol":{"l":{"17":2,"55":2,"56":2,"57":2,"58":2,"59":2,"64":2,"70":2},"path":"/Users/aler/crypto/altestate-3/contracts/base/BaseAltCrowdsale.sol","s":{"1":2,"2":2,"3":2,"4":2,"5":2,"6":2,"7":2,"8":2},"b":{},"f":{"1":2},"fnMap":{"1":{"name":"BaseAltCrowdsale","line":5,"loc":{"start":{"line":5,"column":2},"end":{"line":16,"column":12}}}},"statementMap":{"1":{"start":{"line":17,"column":4},"end":{"line":17,"column":351}},"2":{"start":{"line":55,"column":4},"end":{"line":55,"column":19}},"3":{"start":{"line":56,"column":4},"end":{"line":56,"column":24}},"4":{"start":{"line":57,"column":4},"end":{"line":57,"column":25}},"5":{"start":{"line":58,"column":4},"end":{"line":58,"column":21}},"6":{"start":{"line":59,"column":4},"end":{"line":59,"column":1495}},"7":{"start":{"line":64,"column":4},"end":{"line":64,"column":1573}},"8":{"start":{"line":70,"column":4},"end":{"line":70,"column":19}}},"branchMap":{}},"contracts/base/BaseSqmCrowdsale.sol":{"l":{"17":2,"55":2,"56":2,"57":2,"58":2,"60":2,"65":2,"67":2},"path":"/Users/aler/crypto/altestate-3/contracts/base/BaseSqmCrowdsale.sol","s":{"1":2,"2":2,"3":2,"4":2,"5":2,"6":2,"7":2,"8":2},"b":{},"f":{"1":2},"fnMap":{"1":{"name":"BaseSqmCrowdsale","line":6,"loc":{"start":{"line":6,"column":2},"end":{"line":16,"column":12}}}},"statementMap":{"1":{"start":{"line":17,"column":4},"end":{"line":17,"column":318}},"2":{"start":{"line":55,"column":4},"end":{"line":55,"column":19}},"3":{"start":{"line":56,"column":4},"end":{"line":56,"column":24}},"4":{"start":{"line":57,"column":4},"end":{"line":57,"column":25}},"5":{"start":{"line":58,"column":4},"end":{"line":58,"column":21}},"6":{"start":{"line":60,"column":4},"end":{"line":60,"column":1454}},"7":{"start":{"line":65,"column":4},"end":{"line":65,"column":19}},"8":{"start":{"line":67,"column":4},"end":{"line":67,"column":38}}},"branchMap":{}},"contracts/base/BaseSqmToken.sol":{"l":{"12":2,"13":2},"path":"/Users/aler/crypto/altestate-3/contracts/base/BaseSqmToken.sol","s":{"1":2,"2":2},"b":{},"f":{"1":2},"fnMap":{"1":{"name":"BaseSqmToken","line":7,"loc":{"start":{"line":7,"column":2},"end":{"line":10,"column":3}}}},"statementMap":{"1":{"start":{"line":12,"column":4},"end":{"line":12,"column":25}},"2":{"start":{"line":13,"column":4},"end":{"line":13,"column":18}}},"branchMap":{}},"contracts/base/Crowdsale.sol":{"l":{"150":188,"151":182,"223":15,"224":15,"225":15,"226":15,"227":15,"228":15,"229":15,"230":15,"231":15,"232":15,"233":15,"234":15,"241":2,"242":0,"243":0,"245":2,"246":2,"247":2,"254":15,"256":15,"264":17,"265":17,"271":15,"272":15,"276":15,"277":15,"283":15,"284":15,"290":16,"292":16,"298":5,"300":5,"306":3,"309":3,"310":3,"316":1,"317":1,"318":1,"319":1,"320":3,"321":3,"322":3,"323":3,"328":1,"340":3,"341":3,"342":3,"343":3,"344":3,"346":2,"347":2,"350":3,"351":5,"354":4,"358":4,"359":4,"360":4,"362":2,"368":3,"369":3,"375":15,"376":15,"378":15,"380":15,"381":15,"383":15,"384":5,"387":14,"388":1,"391":14,"392":1,"395":14,"396":1,"399":14,"400":2,"402":12,"405":14,"409":0,"411":0,"413":0,"414":0,"416":0,"421":0,"422":0,"444":29,"445":29,"447":29,"448":4,"451":29,"452":5,"455":29,"456":3,"459":29,"460":29,"461":10,"464":29,"465":1,"468":29,"472":1,"473":1,"476":29,"480":4,"481":4,"482":9,"483":3,"486":6,"488":4,"492":5,"493":5,"494":14,"495":4,"497":10,"500":5,"512":19,"513":19,"516":19,"518":3,"519":1,"523":2,"524":0,"528":18,"529":0,"532":18,"533":1,"536":17,"537":17,"539":17,"540":7,"541":7,"544":5,"548":12,"549":1,"550":0,"553":11,"554":0,"558":12,"563":6,"564":6,"574":2,"575":2,"577":0,"582":0,"583":0,"585":0,"590":0,"602":0,"606":17,"607":17,"608":10,"609":10,"615":0,"616":0,"617":0,"618":0,"628":4,"629":3,"630":2,"632":2,"633":2,"635":2,"636":2,"637":2,"639":2,"643":1,"644":0,"645":0,"649":0,"650":0,"651":0,"652":0,"653":0,"657":0,"658":0,"659":0,"663":0,"664":0,"665":0,"670":2,"671":2,"673":2,"674":0,"677":2,"678":2,"679":2,"681":2,"689":2,"695":2,"708":19,"709":19,"710":19,"711":19,"712":19,"713":19,"719":19,"726":12,"727":12,"728":12,"730":12,"734":12,"736":12,"737":1,"741":1,"744":12,"745":2,"746":2,"747":1,"749":1,"753":12,"754":12,"760":14,"761":1,"763":13,"768":10,"769":10,"773":2,"774":2,"775":2,"776":2,"786":4,"787":4,"788":128,"791":4,"804":0,"805":0,"806":0,"807":0,"808":0,"809":0,"810":0,"812":0,"813":0,"814":0,"816":0,"820":0,"821":0,"822":0,"823":0,"824":0,"825":0,"826":0,"828":0,"832":0,"837":2,"838":2,"839":2,"840":2,"841":39,"842":39,"843":39,"845":2,"846":2,"847":2,"848":2,"849":28,"851":2,"852":39,"854":2},"path":"/Users/aler/crypto/altestate-3/contracts/base/Crowdsale.sol","s":{"1":188,"2":15,"3":15,"4":15,"5":15,"6":15,"7":15,"8":15,"9":15,"10":15,"11":15,"12":15,"13":15,"14":2,"15":0,"16":0,"17":2,"18":2,"19":2,"20":15,"21":15,"22":17,"23":17,"24":15,"25":15,"26":15,"27":15,"28":15,"29":15,"30":16,"31":16,"32":5,"33":5,"34":3,"35":3,"36":3,"37":1,"38":1,"39":1,"40":1,"41":3,"42":3,"43":3,"44":1,"45":3,"46":3,"47":3,"48":3,"49":3,"50":2,"51":2,"52":3,"53":5,"54":4,"55":4,"56":4,"57":2,"58":3,"59":3,"60":15,"61":15,"62":15,"63":15,"64":15,"65":15,"66":5,"67":14,"68":1,"69":14,"70":1,"71":14,"72":1,"73":14,"74":2,"75":12,"76":14,"77":0,"78":0,"79":0,"80":0,"81":0,"82":0,"83":29,"84":29,"85":4,"86":29,"87":5,"88":29,"89":3,"90":29,"91":29,"92":10,"93":29,"94":1,"95":29,"96":1,"97":1,"98":29,"99":4,"100":4,"101":9,"102":6,"103":4,"104":5,"105":5,"106":14,"107":10,"108":5,"109":19,"110":3,"111":1,"112":2,"113":0,"114":18,"115":0,"116":18,"117":1,"118":17,"119":17,"120":17,"121":7,"122":7,"123":5,"124":12,"125":1,"126":0,"127":11,"128":0,"129":12,"130":6,"131":6,"132":2,"133":2,"134":0,"135":0,"136":0,"137":0,"138":0,"139":0,"140":17,"141":17,"142":10,"143":10,"144":0,"145":0,"146":0,"147":0,"148":4,"149":3,"150":2,"151":2,"152":2,"153":2,"154":2,"155":2,"156":2,"157":1,"158":0,"159":0,"160":0,"161":0,"162":0,"163":0,"164":0,"165":0,"166":0,"167":0,"168":0,"169":2,"170":2,"171":2,"172":0,"173":2,"174":2,"175":2,"176":2,"177":19,"178":19,"179":12,"180":12,"181":12,"182":12,"183":12,"184":12,"185":1,"186":1,"187":12,"188":2,"189":2,"190":1,"191":1,"192":12,"193":12,"194":14,"195":10,"196":10,"197":2,"198":2,"199":2,"200":4,"201":128,"202":4,"203":0,"204":0,"205":0,"206":0,"207":0,"208":0,"209":0,"210":0,"211":0,"212":0,"213":0,"214":0,"215":0,"216":0,"217":0,"218":0,"219":0,"220":0,"221":0,"222":0,"223":0,"224":0,"225":2,"226":2,"227":2,"228":2,"229":39,"230":39,"231":39,"232":2,"233":2,"234":2,"235":28,"236":2,"237":39,"238":2},"b":{"1":[182,6],"2":[0,2],"3":[15,0],"4":[15,0],"5":[15,0],"6":[16,0],"7":[5,0],"8":[3,0],"9":[1,0],"10":[1,0],"11":[3,0],"12":[3,0],"13":[3,0],"14":[2,1],"15":[4,1],"16":[4,0],"17":[15,0],"18":[15,0],"19":[15,0],"20":[15,0],"21":[15,0],"22":[5,10],"23":[4,1],"24":[1,13],"25":[1,0],"26":[1,13],"27":[1,0],"28":[1,13],"29":[1,0],"30":[2,12],"31":[2,0],"32":[12,0],"33":[0,0],"34":[0,0],"35":[0,0],"36":[4,25],"37":[5,24],"38":[3,26],"39":[10,19],"40":[1,28],"41":[1,28],"42":[3,6],"43":[4,10],"44":[3,16],"45":[1,2],"46":[0,2],"47":[0,18],"48":[1,17],"49":[7,10],"50":[5,2],"51":[1,11],"52":[0,1],"53":[0,11],"54":[6,0],"55":[2,0],"56":[0,0],"57":[17,0],"58":[10,0],"59":[0,0],"60":[0,0],"61":[3,1],"62":[2,1],"63":[2,0],"64":[2,0],"65":[2,0],"66":[0,1],"67":[0,0],"68":[0,0],"69":[0,0],"70":[0,0],"71":[0,0],"72":[0,0],"73":[2,0],"74":[2,0],"75":[0,2],"76":[12,7],"77":[1,11],"78":[2,10],"79":[1,1],"80":[1,13],"81":[0,0]},"f":{"1":188,"2":15,"3":2,"4":15,"5":17,"6":15,"7":15,"8":16,"9":5,"10":3,"11":1,"12":3,"13":3,"14":15,"15":0,"16":0,"17":29,"18":4,"19":5,"20":19,"21":6,"22":2,"23":0,"24":0,"25":0,"26":17,"27":0,"28":4,"29":1,"30":0,"31":0,"32":0,"33":2,"34":2,"35":19,"36":14,"37":10,"38":2,"39":4,"40":0,"41":0,"42":0,"43":2},"fnMap":{"1":{"name":"inState","line":149,"loc":{"start":{"line":149,"column":2},"end":{"line":149,"column":33}}},"2":{"name":"setFlags","line":196,"loc":{"start":{"line":196,"column":2},"end":{"line":222,"column":3}}},"3":{"name":"setMinimum","line":238,"loc":{"start":{"line":238,"column":2},"end":{"line":240,"column":3}}},"4":{"name":"setPrice","line":251,"loc":{"start":{"line":251,"column":2},"end":{"line":253,"column":3}}},"5":{"name":"setSoftHardCaps","line":259,"loc":{"start":{"line":259,"column":2},"end":{"line":261,"column":3}}},"6":{"name":"setTime","line":268,"loc":{"start":{"line":268,"column":2},"end":{"line":270,"column":3}}},"7":{"name":"setToken","line":280,"loc":{"start":{"line":280,"column":2},"end":{"line":282,"column":3}}},"8":{"name":"setWallet","line":287,"loc":{"start":{"line":287,"column":2},"end":{"line":289,"column":3}}},"9":{"name":"setRegistry","line":295,"loc":{"start":{"line":295,"column":2},"end":{"line":297,"column":3}}},"10":{"name":"setExtraDistribution","line":303,"loc":{"start":{"line":303,"column":2},"end":{"line":305,"column":3}}},"11":{"name":"setAmountBonuses","line":313,"loc":{"start":{"line":313,"column":2},"end":{"line":315,"column":3}}},"12":{"name":"setTimeBonuses","line":331,"loc":{"start":{"line":331,"column":2},"end":{"line":336,"column":3}}},"13":{"name":"setTokenExcange","line":365,"loc":{"start":{"line":365,"column":2},"end":{"line":367,"column":3}}},"14":{"name":"saneIt","line":372,"loc":{"start":{"line":372,"column":2},"end":{"line":374,"column":3}}},"15":{"name":"finalizeIt","line":408,"loc":{"start":{"line":408,"column":2},"end":{"line":408,"column":82}}},"16":{"name":"historyIt","line":420,"loc":{"start":{"line":420,"column":2},"end":{"line":420,"column":60}}},"17":{"name":"calculateEthAmount","line":432,"loc":{"start":{"line":432,"column":2},"end":{"line":443,"column":3}}},"18":{"name":"calculateAmountBonus","line":479,"loc":{"start":{"line":479,"column":2},"end":{"line":479,"column":81}}},"19":{"name":"calculateTimeBonus","line":491,"loc":{"start":{"line":491,"column":2},"end":{"line":491,"column":69}}},"20":{"name":"validPurchase","line":503,"loc":{"start":{"line":503,"column":2},"end":{"line":511,"column":3}}},"21":{"name":"updateTokenValue","line":562,"loc":{"start":{"line":562,"column":2},"end":{"line":562,"column":73}}},"22":{"name":"success","line":573,"loc":{"start":{"line":573,"column":2},"end":{"line":573,"column":50}}},"23":{"name":"capped","line":581,"loc":{"start":{"line":581,"column":2},"end":{"line":581,"column":49}}},"24":{"name":"ended","line":589,"loc":{"start":{"line":589,"column":2},"end":{"line":589,"column":48}}},"25":{"name":null,"line":601,"loc":{"start":{"line":601,"column":2},"end":{"line":601,"column":30}}},"26":{"name":"buyTokens","line":605,"loc":{"start":{"line":605,"column":2},"end":{"line":605,"column":79}}},"27":{"name":"buyWithHash","line":612,"loc":{"start":{"line":612,"column":2},"end":{"line":614,"column":3}}},"28":{"name":"receiveApproval","line":621,"loc":{"start":{"line":621,"column":2},"end":{"line":625,"column":3}}},"29":{"name":"claimFunds","line":642,"loc":{"start":{"line":642,"column":2},"end":{"line":642,"column":54}}},"30":{"name":"claimTokenFunds","line":648,"loc":{"start":{"line":648,"column":2},"end":{"line":648,"column":73}}},"31":{"name":"claimRefundEther","line":656,"loc":{"start":{"line":656,"column":2},"end":{"line":656,"column":92}}},"32":{"name":"claimRefundTokens","line":662,"loc":{"start":{"line":662,"column":2},"end":{"line":662,"column":109}}},"33":{"name":"addToWhitelist","line":668,"loc":{"start":{"line":668,"column":2},"end":{"line":669,"column":3}}},"34":{"name":"setPersonalBonus","line":684,"loc":{"start":{"line":684,"column":2},"end":{"line":688,"column":42}}},"35":{"name":"sellTokens","line":705,"loc":{"start":{"line":705,"column":2},"end":{"line":707,"column":3}}},"36":{"name":"shipTokens","line":757,"loc":{"start":{"line":757,"column":2},"end":{"line":759,"column":3}}},"37":{"name":"forwardEther","line":767,"loc":{"start":{"line":767,"column":2},"end":{"line":767,"column":49}}},"38":{"name":"forwardTokens","line":772,"loc":{"start":{"line":772,"column":2},"end":{"line":772,"column":107}}},"39":{"name":"toUint","line":785,"loc":{"start":{"line":785,"column":2},"end":{"line":785,"column":56}}},"40":{"name":"uintToString","line":803,"loc":{"start":{"line":803,"column":2},"end":{"line":803,"column":64}}},"41":{"name":"addressToString","line":819,"loc":{"start":{"line":819,"column":2},"end":{"line":819,"column":66}}},"42":{"name":"char","line":831,"loc":{"start":{"line":831,"column":2},"end":{"line":831,"column":52}}},"43":{"name":"appendUintToString","line":836,"loc":{"start":{"line":836,"column":2},"end":{"line":836,"column":84}}}},"statementMap":{"1":{"start":{"line":150,"column":4},"end":{"line":150,"column":28}},"2":{"start":{"line":223,"column":4},"end":{"line":223,"column":33}},"3":{"start":{"line":224,"column":4},"end":{"line":224,"column":29}},"4":{"start":{"line":225,"column":4},"end":{"line":225,"column":33}},"5":{"start":{"line":226,"column":4},"end":{"line":226,"column":31}},"6":{"start":{"line":227,"column":4},"end":{"line":227,"column":37}},"7":{"start":{"line":228,"column":4},"end":{"line":228,"column":35}},"8":{"start":{"line":229,"column":4},"end":{"line":229,"column":35}},"9":{"start":{"line":230,"column":4},"end":{"line":230,"column":45}},"10":{"start":{"line":231,"column":4},"end":{"line":231,"column":43}},"11":{"start":{"line":232,"column":4},"end":{"line":232,"column":37}},"12":{"start":{"line":233,"column":4},"end":{"line":233,"column":41}},"13":{"start":{"line":234,"column":4},"end":{"line":234,"column":67}},"14":{"start":{"line":241,"column":4},"end":{"line":241,"column":9699}},"15":{"start":{"line":242,"column":6},"end":{"line":242,"column":27}},"16":{"start":{"line":243,"column":6},"end":{"line":243,"column":29}},"17":{"start":{"line":245,"column":6},"end":{"line":245,"column":26}},"18":{"start":{"line":246,"column":6},"end":{"line":246,"column":33}},"19":{"start":{"line":247,"column":6},"end":{"line":247,"column":35}},"20":{"start":{"line":254,"column":4},"end":{"line":254,"column":22}},"21":{"start":{"line":256,"column":4},"end":{"line":256,"column":17}},"22":{"start":{"line":264,"column":4},"end":{"line":264,"column":21}},"23":{"start":{"line":265,"column":4},"end":{"line":265,"column":21}},"24":{"start":{"line":271,"column":4},"end":{"line":271,"column":25}},"25":{"start":{"line":272,"column":4},"end":{"line":272,"column":34}},"26":{"start":{"line":276,"column":4},"end":{"line":276,"column":21}},"27":{"start":{"line":277,"column":4},"end":{"line":277,"column":17}},"28":{"start":{"line":283,"column":4},"end":{"line":283,"column":48}},"29":{"start":{"line":284,"column":4},"end":{"line":284,"column":35}},"30":{"start":{"line":290,"column":4},"end":{"line":290,"column":33}},"31":{"start":{"line":292,"column":4},"end":{"line":292,"column":19}},"32":{"start":{"line":298,"column":4},"end":{"line":298,"column":35}},"33":{"start":{"line":300,"column":4},"end":{"line":300,"column":50}},"34":{"start":{"line":306,"column":4},"end":{"line":306,"column":33}},"35":{"start":{"line":309,"column":4},"end":{"line":309,"column":30}},"36":{"start":{"line":310,"column":4},"end":{"line":310,"column":37}},"37":{"start":{"line":316,"column":4},"end":{"line":316,"column":36}},"38":{"start":{"line":317,"column":4},"end":{"line":317,"column":51}},"39":{"start":{"line":318,"column":4},"end":{"line":318,"column":21}},"40":{"start":{"line":319,"column":4},"end":{"line":319,"column":11871}},"41":{"start":{"line":320,"column":6},"end":{"line":320,"column":46}},"42":{"start":{"line":321,"column":6},"end":{"line":321,"column":37}},"43":{"start":{"line":323,"column":6},"end":{"line":323,"column":47}},"44":{"start":{"line":328,"column":4},"end":{"line":328,"column":42}},"45":{"start":{"line":340,"column":4},"end":{"line":340,"column":34}},"46":{"start":{"line":341,"column":4},"end":{"line":341,"column":49}},"47":{"start":{"line":342,"column":4},"end":{"line":342,"column":21}},"48":{"start":{"line":343,"column":4},"end":{"line":343,"column":25}},"49":{"start":{"line":344,"column":4},"end":{"line":344,"column":12685}},"50":{"start":{"line":346,"column":6},"end":{"line":346,"column":48}},"51":{"start":{"line":347,"column":6},"end":{"line":347,"column":39}},"52":{"start":{"line":350,"column":4},"end":{"line":350,"column":12887}},"53":{"start":{"line":351,"column":6},"end":{"line":351,"column":44}},"54":{"start":{"line":354,"column":6},"end":{"line":354,"column":42}},"55":{"start":{"line":358,"column":6},"end":{"line":358,"column":35}},"56":{"start":{"line":360,"column":6},"end":{"line":360,"column":45}},"57":{"start":{"line":362,"column":4},"end":{"line":362,"column":38}},"58":{"start":{"line":368,"column":4},"end":{"line":368,"column":49}},"59":{"start":{"line":369,"column":4},"end":{"line":369,"column":35}},"60":{"start":{"line":375,"column":4},"end":{"line":375,"column":31}},"61":{"start":{"line":376,"column":4},"end":{"line":376,"column":25}},"62":{"start":{"line":378,"column":4},"end":{"line":378,"column":21}},"63":{"start":{"line":380,"column":4},"end":{"line":380,"column":32}},"64":{"start":{"line":381,"column":4},"end":{"line":381,"column":31}},"65":{"start":{"line":383,"column":4},"end":{"line":383,"column":13756}},"66":{"start":{"line":384,"column":6},"end":{"line":384,"column":40}},"67":{"start":{"line":387,"column":4},"end":{"line":387,"column":13829}},"68":{"start":{"line":388,"column":6},"end":{"line":388,"column":35}},"69":{"start":{"line":391,"column":4},"end":{"line":391,"column":13899}},"70":{"start":{"line":392,"column":6},"end":{"line":392,"column":33}},"71":{"start":{"line":395,"column":4},"end":{"line":395,"column":13966}},"72":{"start":{"line":396,"column":6},"end":{"line":396,"column":45}},"73":{"start":{"line":399,"column":4},"end":{"line":399,"column":14052}},"74":{"start":{"line":400,"column":6},"end":{"line":400,"column":55}},"75":{"start":{"line":402,"column":6},"end":{"line":402,"column":44}},"76":{"start":{"line":405,"column":4},"end":{"line":405,"column":23}},"77":{"start":{"line":409,"column":4},"end":{"line":409,"column":19}},"78":{"start":{"line":413,"column":4},"end":{"line":413,"column":14390}},"79":{"start":{"line":414,"column":6},"end":{"line":414,"column":24}},"80":{"start":{"line":416,"column":6},"end":{"line":416,"column":25}},"81":{"start":{"line":421,"column":4},"end":{"line":421,"column":38}},"82":{"start":{"line":422,"column":4},"end":{"line":422,"column":24}},"83":{"start":{"line":445,"column":4},"end":{"line":445,"column":17}},"84":{"start":{"line":447,"column":4},"end":{"line":447,"column":15348}},"85":{"start":{"line":448,"column":6},"end":{"line":448,"column":56}},"86":{"start":{"line":451,"column":4},"end":{"line":451,"column":15439}},"87":{"start":{"line":452,"column":6},"end":{"line":452,"column":64}},"88":{"start":{"line":455,"column":4},"end":{"line":455,"column":15537}},"89":{"start":{"line":456,"column":6},"end":{"line":456,"column":59}},"90":{"start":{"line":459,"column":4},"end":{"line":459,"column":73}},"91":{"start":{"line":460,"column":4},"end":{"line":460,"column":15754}},"92":{"start":{"line":461,"column":6},"end":{"line":461,"column":99}},"93":{"start":{"line":464,"column":4},"end":{"line":464,"column":15884}},"94":{"start":{"line":465,"column":6},"end":{"line":465,"column":82}},"95":{"start":{"line":468,"column":4},"end":{"line":468,"column":16007}},"96":{"start":{"line":472,"column":6},"end":{"line":472,"column":105}},"97":{"start":{"line":473,"column":6},"end":{"line":473,"column":66}},"98":{"start":{"line":476,"column":4},"end":{"line":476,"column":86}},"99":{"start":{"line":480,"column":4},"end":{"line":480,"column":17}},"100":{"start":{"line":481,"column":4},"end":{"line":481,"column":16553}},"101":{"start":{"line":482,"column":6},"end":{"line":482,"column":16622}},"102":{"start":{"line":486,"column":6},"end":{"line":486,"column":47}},"103":{"start":{"line":488,"column":4},"end":{"line":488,"column":16}},"104":{"start":{"line":492,"column":4},"end":{"line":492,"column":17}},"105":{"start":{"line":493,"column":4},"end":{"line":493,"column":16861}},"106":{"start":{"line":494,"column":6},"end":{"line":494,"column":16928}},"107":{"start":{"line":497,"column":6},"end":{"line":497,"column":47}},"108":{"start":{"line":500,"column":4},"end":{"line":500,"column":16}},"109":{"start":{"line":516,"column":4},"end":{"line":516,"column":17352}},"110":{"start":{"line":518,"column":6},"end":{"line":518,"column":17443}},"111":{"start":{"line":519,"column":8},"end":{"line":519,"column":20}},"112":{"start":{"line":523,"column":6},"end":{"line":523,"column":17603}},"113":{"start":{"line":524,"column":8},"end":{"line":524,"column":20}},"114":{"start":{"line":528,"column":4},"end":{"line":528,"column":17706}},"115":{"start":{"line":529,"column":6},"end":{"line":529,"column":18}},"116":{"start":{"line":532,"column":4},"end":{"line":532,"column":17781}},"117":{"start":{"line":533,"column":6},"end":{"line":533,"column":18}},"118":{"start":{"line":536,"column":4},"end":{"line":536,"column":80}},"119":{"start":{"line":537,"column":4},"end":{"line":537,"column":55}},"120":{"start":{"line":539,"column":4},"end":{"line":539,"column":18017}},"121":{"start":{"line":540,"column":6},"end":{"line":540,"column":61}},"122":{"start":{"line":541,"column":6},"end":{"line":541,"column":18110}},"123":{"start":{"line":544,"column":8},"end":{"line":544,"column":20}},"124":{"start":{"line":548,"column":4},"end":{"line":548,"column":18269}},"125":{"start":{"line":549,"column":6},"end":{"line":549,"column":18300}},"126":{"start":{"line":550,"column":8},"end":{"line":550,"column":20}},"127":{"start":{"line":553,"column":6},"end":{"line":553,"column":18392}},"128":{"start":{"line":554,"column":8},"end":{"line":554,"column":20}},"129":{"start":{"line":558,"column":4},"end":{"line":558,"column":15}},"130":{"start":{"line":563,"column":4},"end":{"line":563,"column":58}},"131":{"start":{"line":564,"column":4},"end":{"line":564,"column":32}},"132":{"start":{"line":574,"column":4},"end":{"line":574,"column":19034}},"133":{"start":{"line":575,"column":6},"end":{"line":575,"column":33}},"134":{"start":{"line":577,"column":6},"end":{"line":577,"column":43}},"135":{"start":{"line":582,"column":4},"end":{"line":582,"column":19217}},"136":{"start":{"line":583,"column":6},"end":{"line":583,"column":33}},"137":{"start":{"line":585,"column":6},"end":{"line":585,"column":43}},"138":{"start":{"line":590,"column":4},"end":{"line":590,"column":49}},"139":{"start":{"line":602,"column":4},"end":{"line":602,"column":24}},"140":{"start":{"line":606,"column":4},"end":{"line":606,"column":27}},"141":{"start":{"line":607,"column":4},"end":{"line":607,"column":73}},"142":{"start":{"line":608,"column":4},"end":{"line":608,"column":26}},"143":{"start":{"line":609,"column":4},"end":{"line":609,"column":17}},"144":{"start":{"line":615,"column":4},"end":{"line":615,"column":26}},"145":{"start":{"line":616,"column":4},"end":{"line":616,"column":65}},"146":{"start":{"line":617,"column":4},"end":{"line":617,"column":26}},"147":{"start":{"line":618,"column":4},"end":{"line":618,"column":63}},"148":{"start":{"line":628,"column":4},"end":{"line":628,"column":54}},"149":{"start":{"line":629,"column":4},"end":{"line":629,"column":36}},"150":{"start":{"line":630,"column":4},"end":{"line":630,"column":48}},"151":{"start":{"line":632,"column":4},"end":{"line":632,"column":95}},"152":{"start":{"line":633,"column":4},"end":{"line":633,"column":24}},"153":{"start":{"line":635,"column":4},"end":{"line":635,"column":68}},"154":{"start":{"line":636,"column":4},"end":{"line":636,"column":65}},"155":{"start":{"line":637,"column":4},"end":{"line":637,"column":26}},"156":{"start":{"line":639,"column":4},"end":{"line":639,"column":54}},"157":{"start":{"line":643,"column":4},"end":{"line":643,"column":81}},"158":{"start":{"line":645,"column":4},"end":{"line":645,"column":15}},"159":{"start":{"line":649,"column":4},"end":{"line":649,"column":81}},"160":{"start":{"line":650,"column":4},"end":{"line":650,"column":64}},"161":{"start":{"line":651,"column":4},"end":{"line":651,"column":23}},"162":{"start":{"line":652,"column":4},"end":{"line":652,"column":59}},"163":{"start":{"line":653,"column":4},"end":{"line":653,"column":15}},"164":{"start":{"line":657,"column":4},"end":{"line":657,"column":40}},"165":{"start":{"line":659,"column":4},"end":{"line":659,"column":15}},"166":{"start":{"line":663,"column":4},"end":{"line":663,"column":48}},"167":{"start":{"line":664,"column":4},"end":{"line":664,"column":90}},"168":{"start":{"line":665,"column":4},"end":{"line":665,"column":15}},"169":{"start":{"line":670,"column":4},"end":{"line":670,"column":38}},"170":{"start":{"line":671,"column":4},"end":{"line":671,"column":24}},"171":{"start":{"line":673,"column":4},"end":{"line":673,"column":22562}},"172":{"start":{"line":674,"column":6},"end":{"line":674,"column":20}},"173":{"start":{"line":677,"column":4},"end":{"line":677,"column":62}},"174":{"start":{"line":681,"column":4},"end":{"line":681,"column":40}},"175":{"start":{"line":689,"column":4},"end":{"line":689,"column":22965}},"176":{"start":{"line":695,"column":4},"end":{"line":695,"column":70}},"177":{"start":{"line":713,"column":4},"end":{"line":713,"column":23948}},"178":{"start":{"line":719,"column":4},"end":{"line":719,"column":24149}},"179":{"start":{"line":726,"column":4},"end":{"line":726,"column":40}},"180":{"start":{"line":727,"column":4},"end":{"line":727,"column":84}},"181":{"start":{"line":728,"column":4},"end":{"line":728,"column":46}},"182":{"start":{"line":730,"column":4},"end":{"line":730,"column":24727}},"183":{"start":{"line":734,"column":4},"end":{"line":734,"column":46}},"184":{"start":{"line":736,"column":4},"end":{"line":736,"column":24906}},"185":{"start":{"line":737,"column":6},"end":{"line":737,"column":24991}},"186":{"start":{"line":741,"column":6},"end":{"line":741,"column":47}},"187":{"start":{"line":744,"column":4},"end":{"line":744,"column":25195}},"188":{"start":{"line":745,"column":6},"end":{"line":745,"column":71}},"189":{"start":{"line":746,"column":6},"end":{"line":746,"column":25302}},"190":{"start":{"line":747,"column":8},"end":{"line":747,"column":55}},"191":{"start":{"line":749,"column":6},"end":{"line":749,"column":53}},"192":{"start":{"line":753,"column":4},"end":{"line":753,"column":43}},"193":{"start":{"line":754,"column":4},"end":{"line":754,"column":28}},"194":{"start":{"line":760,"column":4},"end":{"line":760,"column":25732}},"195":{"start":{"line":768,"column":4},"end":{"line":768,"column":37}},"196":{"start":{"line":769,"column":4},"end":{"line":769,"column":15}},"197":{"start":{"line":773,"column":4},"end":{"line":773,"column":61}},"198":{"start":{"line":775,"column":4},"end":{"line":775,"column":52}},"199":{"start":{"line":776,"column":4},"end":{"line":776,"column":15}},"200":{"start":{"line":787,"column":6},"end":{"line":787,"column":26643}},"201":{"start":{"line":788,"column":10},"end":{"line":788,"column":49}},"202":{"start":{"line":791,"column":6},"end":{"line":791,"column":16}},"203":{"start":{"line":804,"column":4},"end":{"line":804,"column":23}},"204":{"start":{"line":805,"column":4},"end":{"line":805,"column":47}},"205":{"start":{"line":806,"column":4},"end":{"line":806,"column":13}},"206":{"start":{"line":807,"column":4},"end":{"line":807,"column":27273}},"207":{"start":{"line":808,"column":6},"end":{"line":808,"column":28}},"208":{"start":{"line":809,"column":6},"end":{"line":809,"column":15}},"209":{"start":{"line":810,"column":6},"end":{"line":810,"column":41}},"210":{"start":{"line":812,"column":4},"end":{"line":812,"column":32}},"211":{"start":{"line":813,"column":4},"end":{"line":813,"column":27428}},"212":{"start":{"line":814,"column":6},"end":{"line":814,"column":31}},"213":{"start":{"line":816,"column":4},"end":{"line":816,"column":18}},"214":{"start":{"line":820,"column":4},"end":{"line":820,"column":33}},"215":{"start":{"line":821,"column":4},"end":{"line":821,"column":27634}},"216":{"start":{"line":822,"column":6},"end":{"line":822,"column":54}},"217":{"start":{"line":823,"column":6},"end":{"line":823,"column":34}},"218":{"start":{"line":824,"column":6},"end":{"line":824,"column":46}},"219":{"start":{"line":825,"column":6},"end":{"line":825,"column":22}},"220":{"start":{"line":826,"column":6},"end":{"line":826,"column":24}},"221":{"start":{"line":828,"column":4},"end":{"line":828,"column":20}},"222":{"start":{"line":832,"column":4},"end":{"line":832,"column":27998}},"223":{"start":{"line":832,"column":16},"end":{"line":832,"column":44}},"224":{"start":{"line":833,"column":9},"end":{"line":833,"column":37}},"225":{"start":{"line":837,"column":4},"end":{"line":837,"column":23}},"226":{"start":{"line":838,"column":4},"end":{"line":838,"column":47}},"227":{"start":{"line":839,"column":4},"end":{"line":839,"column":13}},"228":{"start":{"line":840,"column":4},"end":{"line":840,"column":28234}},"229":{"start":{"line":841,"column":6},"end":{"line":841,"column":28}},"230":{"start":{"line":842,"column":6},"end":{"line":842,"column":15}},"231":{"start":{"line":843,"column":6},"end":{"line":843,"column":41}},"232":{"start":{"line":845,"column":4},"end":{"line":845,"column":37}},"233":{"start":{"line":846,"column":4},"end":{"line":846,"column":48}},"234":{"start":{"line":848,"column":4},"end":{"line":848,"column":28457}},"235":{"start":{"line":849,"column":6},"end":{"line":849,"column":21}},"236":{"start":{"line":851,"column":4},"end":{"line":851,"column":28529}},"237":{"start":{"line":852,"column":6},"end":{"line":852,"column":47}},"238":{"start":{"line":854,"column":4},"end":{"line":854,"column":18}}},"branchMap":{"1":{"line":150,"type":"if","locations":[{"start":{"line":150,"column":4},"end":{"line":150,"column":4}},{"start":{"line":150,"column":4},"end":{"line":150,"column":4}}]},"2":{"line":241,"type":"if","locations":[{"start":{"line":241,"column":4},"end":{"line":241,"column":4}},{"start":{"line":241,"column":4},"end":{"line":241,"column":4}}]},"3":{"line":254,"type":"if","locations":[{"start":{"line":254,"column":4},"end":{"line":254,"column":4}},{"start":{"line":254,"column":4},"end":{"line":254,"column":4}}]},"4":{"line":271,"type":"if","locations":[{"start":{"line":271,"column":4},"end":{"line":271,"column":4}},{"start":{"line":271,"column":4},"end":{"line":271,"column":4}}]},"5":{"line":272,"type":"if","locations":[{"start":{"line":272,"column":4},"end":{"line":272,"column":4}},{"start":{"line":272,"column":4},"end":{"line":272,"column":4}}]},"6":{"line":290,"type":"if","locations":[{"start":{"line":290,"column":4},"end":{"line":290,"column":4}},{"start":{"line":290,"column":4},"end":{"line":290,"column":4}}]},"7":{"line":298,"type":"if","locations":[{"start":{"line":298,"column":4},"end":{"line":298,"column":4}},{"start":{"line":298,"column":4},"end":{"line":298,"column":4}}]},"8":{"line":306,"type":"if","locations":[{"start":{"line":306,"column":4},"end":{"line":306,"column":4}},{"start":{"line":306,"column":4},"end":{"line":306,"column":4}}]},"9":{"line":316,"type":"if","locations":[{"start":{"line":316,"column":4},"end":{"line":316,"column":4}},{"start":{"line":316,"column":4},"end":{"line":316,"column":4}}]},"10":{"line":317,"type":"if","locations":[{"start":{"line":317,"column":4},"end":{"line":317,"column":4}},{"start":{"line":317,"column":4},"end":{"line":317,"column":4}}]},"11":{"line":320,"type":"if","locations":[{"start":{"line":320,"column":6},"end":{"line":320,"column":6}},{"start":{"line":320,"column":6},"end":{"line":320,"column":6}}]},"12":{"line":340,"type":"if","locations":[{"start":{"line":340,"column":4},"end":{"line":340,"column":4}},{"start":{"line":340,"column":4},"end":{"line":340,"column":4}}]},"13":{"line":341,"type":"if","locations":[{"start":{"line":341,"column":4},"end":{"line":341,"column":4}},{"start":{"line":341,"column":4},"end":{"line":341,"column":4}}]},"14":{"line":344,"type":"if","locations":[{"start":{"line":344,"column":4},"end":{"line":344,"column":4}},{"start":{"line":344,"column":4},"end":{"line":344,"column":4}}]},"15":{"line":351,"type":"if","locations":[{"start":{"line":351,"column":6},"end":{"line":351,"column":6}},{"start":{"line":351,"column":6},"end":{"line":351,"column":6}}]},"16":{"line":354,"type":"if","locations":[{"start":{"line":354,"column":6},"end":{"line":354,"column":6}},{"start":{"line":354,"column":6},"end":{"line":354,"column":6}}]},"17":{"line":375,"type":"if","locations":[{"start":{"line":375,"column":4},"end":{"line":375,"column":4}},{"start":{"line":375,"column":4},"end":{"line":375,"column":4}}]},"18":{"line":376,"type":"if","locations":[{"start":{"line":376,"column":4},"end":{"line":376,"column":4}},{"start":{"line":376,"column":4},"end":{"line":376,"column":4}}]},"19":{"line":378,"type":"if","locations":[{"start":{"line":378,"column":4},"end":{"line":378,"column":4}},{"start":{"line":378,"column":4},"end":{"line":378,"column":4}}]},"20":{"line":380,"type":"if","locations":[{"start":{"line":380,"column":4},"end":{"line":380,"column":4}},{"start":{"line":380,"column":4},"end":{"line":380,"column":4}}]},"21":{"line":381,"type":"if","locations":[{"start":{"line":381,"column":4},"end":{"line":381,"column":4}},{"start":{"line":381,"column":4},"end":{"line":381,"column":4}}]},"22":{"line":383,"type":"if","locations":[{"start":{"line":383,"column":4},"end":{"line":383,"column":4}},{"start":{"line":383,"column":4},"end":{"line":383,"column":4}}]},"23":{"line":384,"type":"if","locations":[{"start":{"line":384,"column":6},"end":{"line":384,"column":6}},{"start":{"line":384,"column":6},"end":{"line":384,"column":6}}]},"24":{"line":387,"type":"if","locations":[{"start":{"line":387,"column":4},"end":{"line":387,"column":4}},{"start":{"line":387,"column":4},"end":{"line":387,"column":4}}]},"25":{"line":388,"type":"if","locations":[{"start":{"line":388,"column":6},"end":{"line":388,"column":6}},{"start":{"line":388,"column":6},"end":{"line":388,"column":6}}]},"26":{"line":391,"type":"if","locations":[{"start":{"line":391,"column":4},"end":{"line":391,"column":4}},{"start":{"line":391,"column":4},"end":{"line":391,"column":4}}]},"27":{"line":392,"type":"if","locations":[{"start":{"line":392,"column":6},"end":{"line":392,"column":6}},{"start":{"line":392,"column":6},"end":{"line":392,"column":6}}]},"28":{"line":395,"type":"if","locations":[{"start":{"line":395,"column":4},"end":{"line":395,"column":4}},{"start":{"line":395,"column":4},"end":{"line":395,"column":4}}]},"29":{"line":396,"type":"if","locations":[{"start":{"line":396,"column":6},"end":{"line":396,"column":6}},{"start":{"line":396,"column":6},"end":{"line":396,"column":6}}]},"30":{"line":399,"type":"if","locations":[{"start":{"line":399,"column":4},"end":{"line":399,"column":4}},{"start":{"line":399,"column":4},"end":{"line":399,"column":4}}]},"31":{"line":400,"type":"if","locations":[{"start":{"line":400,"column":6},"end":{"line":400,"column":6}},{"start":{"line":400,"column":6},"end":{"line":400,"column":6}}]},"32":{"line":402,"type":"if","locations":[{"start":{"line":402,"column":6},"end":{"line":402,"column":6}},{"start":{"line":402,"column":6},"end":{"line":402,"column":6}}]},"33":{"line":409,"type":"if","locations":[{"start":{"line":409,"column":4},"end":{"line":409,"column":4}},{"start":{"line":409,"column":4},"end":{"line":409,"column":4}}]},"34":{"line":413,"type":"if","locations":[{"start":{"line":413,"column":4},"end":{"line":413,"column":4}},{"start":{"line":413,"column":4},"end":{"line":413,"column":4}}]},"35":{"line":421,"type":"if","locations":[{"start":{"line":421,"column":4},"end":{"line":421,"column":4}},{"start":{"line":421,"column":4},"end":{"line":421,"column":4}}]},"36":{"line":447,"type":"if","locations":[{"start":{"line":447,"column":4},"end":{"line":447,"column":4}},{"start":{"line":447,"column":4},"end":{"line":447,"column":4}}]},"37":{"line":451,"type":"if","locations":[{"start":{"line":451,"column":4},"end":{"line":451,"column":4}},{"start":{"line":451,"column":4},"end":{"line":451,"column":4}}]},"38":{"line":455,"type":"if","locations":[{"start":{"line":455,"column":4},"end":{"line":455,"column":4}},{"start":{"line":455,"column":4},"end":{"line":455,"column":4}}]},"39":{"line":460,"type":"if","locations":[{"start":{"line":460,"column":4},"end":{"line":460,"column":4}},{"start":{"line":460,"column":4},"end":{"line":460,"column":4}}]},"40":{"line":464,"type":"if","locations":[{"start":{"line":464,"column":4},"end":{"line":464,"column":4}},{"start":{"line":464,"column":4},"end":{"line":464,"column":4}}]},"41":{"line":468,"type":"if","locations":[{"start":{"line":468,"column":4},"end":{"line":468,"column":4}},{"start":{"line":468,"column":4},"end":{"line":468,"column":4}}]},"42":{"line":482,"type":"if","locations":[{"start":{"line":482,"column":6},"end":{"line":482,"column":6}},{"start":{"line":482,"column":6},"end":{"line":482,"column":6}}]},"43":{"line":494,"type":"if","locations":[{"start":{"line":494,"column":6},"end":{"line":494,"column":6}},{"start":{"line":494,"column":6},"end":{"line":494,"column":6}}]},"44":{"line":516,"type":"if","locations":[{"start":{"line":516,"column":4},"end":{"line":516,"column":4}},{"start":{"line":516,"column":4},"end":{"line":516,"column":4}}]},"45":{"line":518,"type":"if","locations":[{"start":{"line":518,"column":6},"end":{"line":518,"column":6}},{"start":{"line":518,"column":6},"end":{"line":518,"column":6}}]},"46":{"line":523,"type":"if","locations":[{"start":{"line":523,"column":6},"end":{"line":523,"column":6}},{"start":{"line":523,"column":6},"end":{"line":523,"column":6}}]},"47":{"line":528,"type":"if","locations":[{"start":{"line":528,"column":4},"end":{"line":528,"column":4}},{"start":{"line":528,"column":4},"end":{"line":528,"column":4}}]},"48":{"line":532,"type":"if","locations":[{"start":{"line":532,"column":4},"end":{"line":532,"column":4}},{"start":{"line":532,"column":4},"end":{"line":532,"column":4}}]},"49":{"line":539,"type":"if","locations":[{"start":{"line":539,"column":4},"end":{"line":539,"column":4}},{"start":{"line":539,"column":4},"end":{"line":539,"column":4}}]},"50":{"line":541,"type":"if","locations":[{"start":{"line":541,"column":6},"end":{"line":541,"column":6}},{"start":{"line":541,"column":6},"end":{"line":541,"column":6}}]},"51":{"line":548,"type":"if","locations":[{"start":{"line":548,"column":4},"end":{"line":548,"column":4}},{"start":{"line":548,"column":4},"end":{"line":548,"column":4}}]},"52":{"line":549,"type":"if","locations":[{"start":{"line":549,"column":6},"end":{"line":549,"column":6}},{"start":{"line":549,"column":6},"end":{"line":549,"column":6}}]},"53":{"line":553,"type":"if","locations":[{"start":{"line":553,"column":6},"end":{"line":553,"column":6}},{"start":{"line":553,"column":6},"end":{"line":553,"column":6}}]},"54":{"line":563,"type":"if","locations":[{"start":{"line":563,"column":4},"end":{"line":563,"column":4}},{"start":{"line":563,"column":4},"end":{"line":563,"column":4}}]},"55":{"line":574,"type":"if","locations":[{"start":{"line":574,"column":4},"end":{"line":574,"column":4}},{"start":{"line":574,"column":4},"end":{"line":574,"column":4}}]},"56":{"line":582,"type":"if","locations":[{"start":{"line":582,"column":4},"end":{"line":582,"column":4}},{"start":{"line":582,"column":4},"end":{"line":582,"column":4}}]},"57":{"line":606,"type":"if","locations":[{"start":{"line":606,"column":4},"end":{"line":606,"column":4}},{"start":{"line":606,"column":4},"end":{"line":606,"column":4}}]},"58":{"line":608,"type":"if","locations":[{"start":{"line":608,"column":4},"end":{"line":608,"column":4}},{"start":{"line":608,"column":4},"end":{"line":608,"column":4}}]},"59":{"line":615,"type":"if","locations":[{"start":{"line":615,"column":4},"end":{"line":615,"column":4}},{"start":{"line":615,"column":4},"end":{"line":615,"column":4}}]},"60":{"line":617,"type":"if","locations":[{"start":{"line":617,"column":4},"end":{"line":617,"column":4}},{"start":{"line":617,"column":4},"end":{"line":617,"column":4}}]},"61":{"line":628,"type":"if","locations":[{"start":{"line":628,"column":4},"end":{"line":628,"column":4}},{"start":{"line":628,"column":4},"end":{"line":628,"column":4}}]},"62":{"line":629,"type":"if","locations":[{"start":{"line":629,"column":4},"end":{"line":629,"column":4}},{"start":{"line":629,"column":4},"end":{"line":629,"column":4}}]},"63":{"line":630,"type":"if","locations":[{"start":{"line":630,"column":4},"end":{"line":630,"column":4}},{"start":{"line":630,"column":4},"end":{"line":630,"column":4}}]},"64":{"line":633,"type":"if","locations":[{"start":{"line":633,"column":4},"end":{"line":633,"column":4}},{"start":{"line":633,"column":4},"end":{"line":633,"column":4}}]},"65":{"line":637,"type":"if","locations":[{"start":{"line":637,"column":4},"end":{"line":637,"column":4}},{"start":{"line":637,"column":4},"end":{"line":637,"column":4}}]},"66":{"line":643,"type":"if","locations":[{"start":{"line":643,"column":4},"end":{"line":643,"column":4}},{"start":{"line":643,"column":4},"end":{"line":643,"column":4}}]},"67":{"line":649,"type":"if","locations":[{"start":{"line":649,"column":4},"end":{"line":649,"column":4}},{"start":{"line":649,"column":4},"end":{"line":649,"column":4}}]},"68":{"line":651,"type":"if","locations":[{"start":{"line":651,"column":4},"end":{"line":651,"column":4}},{"start":{"line":651,"column":4},"end":{"line":651,"column":4}}]},"69":{"line":652,"type":"if","locations":[{"start":{"line":652,"column":4},"end":{"line":652,"column":4}},{"start":{"line":652,"column":4},"end":{"line":652,"column":4}}]},"70":{"line":657,"type":"if","locations":[{"start":{"line":657,"column":4},"end":{"line":657,"column":4}},{"start":{"line":657,"column":4},"end":{"line":657,"column":4}}]},"71":{"line":663,"type":"if","locations":[{"start":{"line":663,"column":4},"end":{"line":663,"column":4}},{"start":{"line":663,"column":4},"end":{"line":663,"column":4}}]},"72":{"line":664,"type":"if","locations":[{"start":{"line":664,"column":4},"end":{"line":664,"column":4}},{"start":{"line":664,"column":4},"end":{"line":664,"column":4}}]},"73":{"line":670,"type":"if","locations":[{"start":{"line":670,"column":4},"end":{"line":670,"column":4}},{"start":{"line":670,"column":4},"end":{"line":670,"column":4}}]},"74":{"line":671,"type":"if","locations":[{"start":{"line":671,"column":4},"end":{"line":671,"column":4}},{"start":{"line":671,"column":4},"end":{"line":671,"column":4}}]},"75":{"line":673,"type":"if","locations":[{"start":{"line":673,"column":4},"end":{"line":673,"column":4}},{"start":{"line":673,"column":4},"end":{"line":673,"column":4}}]},"76":{"line":719,"type":"if","locations":[{"start":{"line":719,"column":4},"end":{"line":719,"column":4}},{"start":{"line":719,"column":4},"end":{"line":719,"column":4}}]},"77":{"line":736,"type":"if","locations":[{"start":{"line":736,"column":4},"end":{"line":736,"column":4}},{"start":{"line":736,"column":4},"end":{"line":736,"column":4}}]},"78":{"line":744,"type":"if","locations":[{"start":{"line":744,"column":4},"end":{"line":744,"column":4}},{"start":{"line":744,"column":4},"end":{"line":744,"column":4}}]},"79":{"line":746,"type":"if","locations":[{"start":{"line":746,"column":6},"end":{"line":746,"column":6}},{"start":{"line":746,"column":6},"end":{"line":746,"column":6}}]},"80":{"line":760,"type":"if","locations":[{"start":{"line":760,"column":4},"end":{"line":760,"column":4}},{"start":{"line":760,"column":4},"end":{"line":760,"column":4}}]},"81":{"line":832,"type":"if","locations":[{"start":{"line":832,"column":4},"end":{"line":832,"column":4}},{"start":{"line":832,"column":4},"end":{"line":832,"column":4}}]}}},"contracts/base/DefaultToken.sol":{"l":{"16":18,"17":18,"18":18,"22":1,"24":1,"25":1,"26":1,"28":1},"path":"/Users/aler/crypto/altestate-3/contracts/base/DefaultToken.sol","s":{"1":18,"2":18,"3":18,"4":1,"5":1,"6":1,"7":1,"8":1},"b":{"1":[1,0]},"f":{"1":18,"2":1},"fnMap":{"1":{"name":"DefaultToken","line":12,"loc":{"start":{"line":12,"column":2},"end":{"line":15,"column":35}}},"2":{"name":"takeAway","line":21,"loc":{"start":{"line":21,"column":2},"end":{"line":21,"column":81}}}},"statementMap":{"1":{"start":{"line":16,"column":4},"end":{"line":16,"column":15}},"2":{"start":{"line":17,"column":4},"end":{"line":17,"column":19}},"3":{"start":{"line":18,"column":4},"end":{"line":18,"column":23}},"4":{"start":{"line":22,"column":4},"end":{"line":22,"column":84}},"5":{"start":{"line":24,"column":4},"end":{"line":24,"column":38}},"6":{"start":{"line":25,"column":4},"end":{"line":25,"column":48}},"7":{"start":{"line":26,"column":4},"end":{"line":26,"column":24}},"8":{"start":{"line":28,"column":4},"end":{"line":28,"column":37}}},"branchMap":{"1":{"line":22,"type":"if","locations":[{"start":{"line":22,"column":4},"end":{"line":22,"column":4}},{"start":{"line":22,"column":4},"end":{"line":22,"column":4}}]}}},"contracts/base/MultiOwners.sol":{"l":{"12":29,"13":29,"17":188,"18":166,"22":8,"26":2,"30":2,"31":2,"35":2,"36":1,"38":1,"39":1},"path":"/Users/aler/crypto/altestate-3/contracts/base/MultiOwners.sol","s":{"1":29,"2":29,"3":188,"4":8,"5":2,"6":2,"7":2,"8":2,"9":1,"10":1,"11":1},"b":{"1":[166,22],"2":[1,1],"3":[1,0]},"f":{"1":29,"2":188,"3":8,"4":2,"5":2,"6":2},"fnMap":{"1":{"name":"MultiOwners","line":11,"loc":{"start":{"line":11,"column":4},"end":{"line":11,"column":31}}},"2":{"name":"onlyOwner","line":16,"loc":{"start":{"line":16,"column":4},"end":{"line":16,"column":22}}},"3":{"name":"isOwner","line":21,"loc":{"start":{"line":21,"column":4},"end":{"line":21,"column":51}}},"4":{"name":"checkOwner","line":25,"loc":{"start":{"line":25,"column":4},"end":{"line":25,"column":73}}},"5":{"name":"grant","line":29,"loc":{"start":{"line":29,"column":4},"end":{"line":29,"column":49}}},"6":{"name":"revoke","line":34,"loc":{"start":{"line":34,"column":4},"end":{"line":34,"column":50}}}},"statementMap":{"1":{"start":{"line":12,"column":8},"end":{"line":12,"column":32}},"2":{"start":{"line":13,"column":8},"end":{"line":13,"column":29}},"3":{"start":{"line":17,"column":8},"end":{"line":17,"column":42}},"4":{"start":{"line":22,"column":8},"end":{"line":22,"column":48}},"5":{"start":{"line":26,"column":8},"end":{"line":26,"column":49}},"6":{"start":{"line":30,"column":8},"end":{"line":30,"column":28}},"7":{"start":{"line":31,"column":8},"end":{"line":31,"column":26}},"8":{"start":{"line":35,"column":8},"end":{"line":35,"column":35}},"9":{"start":{"line":36,"column":8},"end":{"line":36,"column":36}},"10":{"start":{"line":38,"column":8},"end":{"line":38,"column":29}},"11":{"start":{"line":39,"column":8},"end":{"line":39,"column":27}}},"branchMap":{"1":{"line":17,"type":"if","locations":[{"start":{"line":17,"column":8},"end":{"line":17,"column":8}},{"start":{"line":17,"column":8},"end":{"line":17,"column":8}}]},"2":{"line":35,"type":"if","locations":[{"start":{"line":35,"column":8},"end":{"line":35,"column":8}},{"start":{"line":35,"column":8},"end":{"line":35,"column":8}}]},"3":{"line":36,"type":"if","locations":[{"start":{"line":36,"column":8},"end":{"line":36,"column":8}},{"start":{"line":36,"column":8},"end":{"line":36,"column":8}}]}}},"contracts/base/NamedToken.sol":{"l":{"11":0,"12":0,"13":0},"path":"/Users/aler/crypto/altestate-3/contracts/base/NamedToken.sol","s":{"1":0,"2":0,"3":0},"b":{},"f":{"1":0},"fnMap":{"1":{"name":"NamedToken","line":10,"loc":{"start":{"line":10,"column":2},"end":{"line":10,"column":74}}}},"statementMap":{"1":{"start":{"line":11,"column":4},"end":{"line":11,"column":15}},"2":{"start":{"line":12,"column":4},"end":{"line":12,"column":19}},"3":{"start":{"line":13,"column":4},"end":{"line":13,"column":23}}},"branchMap":{}},"contracts/base/TokenPolicy.sol":{"l":{"12":18,"13":18,"20":21,"26":19,"28":17,"31":15,"35":2,"39":1,"40":1},"path":"/Users/aler/crypto/altestate-3/contracts/base/TokenPolicy.sol","s":{"1":18,"2":18,"3":21,"4":19,"5":15,"6":2,"7":1,"8":1},"b":{"1":[18,0],"2":[19,2],"3":[17,2],"4":[1,0]},"f":{"1":18,"2":21,"3":15,"4":2,"5":1},"fnMap":{"1":{"name":"TokenPolicy","line":11,"loc":{"start":{"line":11,"column":2},"end":{"line":11,"column":47}}},"2":{"name":"shouldPassPolicy","line":18,"loc":{"start":{"line":18,"column":2},"end":{"line":18,"column":55}}},"3":{"name":"transfer","line":30,"loc":{"start":{"line":30,"column":2},"end":{"line":30,"column":104}}},"4":{"name":"transferFrom","line":34,"loc":{"start":{"line":34,"column":2},"end":{"line":34,"column":118}}},"5":{"name":"unfrezee","line":38,"loc":{"start":{"line":38,"column":2},"end":{"line":38,"column":53}}}},"statementMap":{"1":{"start":{"line":12,"column":4},"end":{"line":12,"column":27}},"2":{"start":{"line":13,"column":4},"end":{"line":13,"column":49}},"3":{"start":{"line":20,"column":4},"end":{"line":20,"column":592}},"4":{"start":{"line":26,"column":4},"end":{"line":26,"column":64}},"5":{"start":{"line":31,"column":4},"end":{"line":31,"column":38}},"6":{"start":{"line":35,"column":4},"end":{"line":35,"column":49}},"7":{"start":{"line":39,"column":4},"end":{"line":39,"column":21}},"8":{"start":{"line":40,"column":4},"end":{"line":40,"column":18}}},"branchMap":{"1":{"line":12,"type":"if","locations":[{"start":{"line":12,"column":4},"end":{"line":12,"column":4}},{"start":{"line":12,"column":4},"end":{"line":12,"column":4}}]},"2":{"line":20,"type":"if","locations":[{"start":{"line":20,"column":4},"end":{"line":20,"column":4}},{"start":{"line":20,"column":4},"end":{"line":20,"column":4}}]},"3":{"line":26,"type":"if","locations":[{"start":{"line":26,"column":4},"end":{"line":26,"column":4}},{"start":{"line":26,"column":4},"end":{"line":26,"column":4}}]},"4":{"line":39,"type":"if","locations":[{"start":{"line":39,"column":4},"end":{"line":39,"column":4}},{"start":{"line":39,"column":4},"end":{"line":39,"column":4}}]}}},"contracts/base/TokenRecipient.sol":{"l":{},"path":"/Users/aler/crypto/altestate-3/contracts/base/TokenRecipient.sol","s":{},"b":{},"f":{},"fnMap":{},"statementMap":{},"branchMap":{}},"contracts/base/UserRegistryInterface.sol":{"l":{},"path":"/Users/aler/crypto/altestate-3/contracts/base/UserRegistryInterface.sol","s":{},"b":{},"f":{},"fnMap":{},"statementMap":{},"branchMap":{}},"contracts/SQM1Crowdsale.sol":{"l":{},"path":"/Users/aler/crypto/altestate-3/contracts/SQM1Crowdsale.sol","s":{},"b":{},"f":{"1":2},"fnMap":{"1":{"name":"SQM1Crowdsale","line":6,"loc":{"start":{"line":6,"column":2},"end":{"line":31,"column":10}}}},"statementMap":{},"branchMap":{}},"contracts/SQM1Token.sol":{"l":{},"path":"/Users/aler/crypto/altestate-3/contracts/SQM1Token.sol","s":{},"b":{},"f":{"1":2},"fnMap":{"1":{"name":"SQM1Token","line":6,"loc":{"start":{"line":6,"column":2},"end":{"line":6,"column":107}}}},"statementMap":{},"branchMap":{}},"contracts/UserRegistry.sol":{"l":{"12":4,"13":4,"14":4,"15":4,"19":18,"20":18,"24":4,"25":4,"26":2,"27":2,"29":4,"30":4,"31":4,"35":52,"39":17,"43":30,"47":19},"path":"/Users/aler/crypto/altestate-3/contracts/UserRegistry.sol","s":{"1":4,"2":4,"3":4,"4":4,"5":18,"6":18,"7":4,"8":4,"9":2,"10":2,"11":4,"12":4,"13":4,"14":52,"15":17,"16":30,"17":19},"b":{"1":[4,0],"2":[4,0],"3":[2,2]},"f":{"1":4,"2":18,"3":4,"4":52,"5":17,"6":30,"7":19},"fnMap":{"1":{"name":"addAddress","line":11,"loc":{"start":{"line":11,"column":2},"end":{"line":11,"column":66}}},"2":{"name":"addSystem","line":18,"loc":{"start":{"line":18,"column":2},"end":{"line":18,"column":69}}},"3":{"name":"addIdentity","line":23,"loc":{"start":{"line":23,"column":2},"end":{"line":23,"column":67}}},"4":{"name":"knownAddress","line":34,"loc":{"start":{"line":34,"column":2},"end":{"line":34,"column":67}}},"5":{"name":"hasIdentity","line":38,"loc":{"start":{"line":38,"column":2},"end":{"line":38,"column":66}}},"6":{"name":"systemAddress","line":42,"loc":{"start":{"line":42,"column":2},"end":{"line":42,"column":70}}},"7":{"name":"systemAddresses","line":46,"loc":{"start":{"line":46,"column":2},"end":{"line":46,"column":84}}}},"statementMap":{"1":{"start":{"line":12,"column":4},"end":{"line":12,"column":31}},"2":{"start":{"line":13,"column":4},"end":{"line":13,"column":25}},"3":{"start":{"line":14,"column":4},"end":{"line":14,"column":19}},"4":{"start":{"line":15,"column":4},"end":{"line":15,"column":15}},"5":{"start":{"line":19,"column":4},"end":{"line":19,"column":26}},"6":{"start":{"line":20,"column":4},"end":{"line":20,"column":15}},"7":{"start":{"line":24,"column":4},"end":{"line":24,"column":30}},"8":{"start":{"line":25,"column":4},"end":{"line":25,"column":718}},"9":{"start":{"line":26,"column":6},"end":{"line":26,"column":27}},"10":{"start":{"line":27,"column":6},"end":{"line":27,"column":21}},"11":{"start":{"line":29,"column":4},"end":{"line":29,"column":26}},"12":{"start":{"line":30,"column":4},"end":{"line":30,"column":20}},"13":{"start":{"line":31,"column":4},"end":{"line":31,"column":15}},"14":{"start":{"line":35,"column":4},"end":{"line":35,"column":26}},"15":{"start":{"line":39,"column":4},"end":{"line":39,"column":49}},"16":{"start":{"line":43,"column":4},"end":{"line":43,"column":25}},"17":{"start":{"line":47,"column":4},"end":{"line":47,"column":53}}},"branchMap":{"1":{"line":12,"type":"if","locations":[{"start":{"line":12,"column":4},"end":{"line":12,"column":4}},{"start":{"line":12,"column":4},"end":{"line":12,"column":4}}]},"2":{"line":24,"type":"if","locations":[{"start":{"line":24,"column":4},"end":{"line":24,"column":4}},{"start":{"line":24,"column":4},"end":{"line":24,"column":4}}]},"3":{"line":25,"type":"if","locations":[{"start":{"line":25,"column":4},"end":{"line":25,"column":4}},{"start":{"line":25,"column":4},"end":{"line":25,"column":4}}]}}}}