TN:
SF:/Users/aler/crypto/altestate-3/contracts/AltCrowdsalePhases.sol
FN:6,AltCrowdsalePhaseTwo
FN:40,AltCrowdsalePhaseOne
FNF:2
FNH:2
FNDA:1,AltCrowdsalePhaseTwo
FNDA:1,AltCrowdsalePhaseOne
LF:0
LH:0
BRF:0
BRH:0
end_of_record
TN:
SF:/Users/aler/crypto/altestate-3/contracts/AltToken.sol
FN:6,AltToken
FNF:1
FNH:1
FNDA:2,AltToken
LF:0
LH:0
BRF:0
BRH:0
end_of_record
TN:
SF:/Users/aler/crypto/altestate-3/contracts/base/ApproveAndCallToken.sol
FN:6,approveAndCall
FNF:1
FNH:1
FNDA:4,approveAndCall
DA:7,4
DA:8,4
DA:9,4
DA:10,2
DA:12,0
LF:5
LH:4
BRDA:8,1,0,4
BRDA:8,1,1,0
BRF:2
BRH:1
end_of_record
TN:
SF:/Users/aler/crypto/altestate-3/contracts/base/BaseAltCrowdsale.sol
FN:5,BaseAltCrowdsale
FNF:1
FNH:1
FNDA:2,BaseAltCrowdsale
DA:17,2
DA:55,2
DA:56,2
DA:57,2
DA:58,2
DA:59,2
DA:64,2
DA:70,2
LF:8
LH:8
BRF:0
BRH:0
end_of_record
TN:
SF:/Users/aler/crypto/altestate-3/contracts/base/BaseSqmCrowdsale.sol
FN:6,BaseSqmCrowdsale
FNF:1
FNH:1
FNDA:2,BaseSqmCrowdsale
DA:17,2
DA:55,2
DA:56,2
DA:57,2
DA:58,2
DA:60,2
DA:65,2
DA:67,2
LF:8
LH:8
BRF:0
BRH:0
end_of_record
TN:
SF:/Users/aler/crypto/altestate-3/contracts/base/BaseSqmToken.sol
FN:7,BaseSqmToken
FNF:1
FNH:1
FNDA:2,BaseSqmToken
DA:12,2
DA:13,2
LF:2
LH:2
BRF:0
BRH:0
end_of_record
TN:
SF:/Users/aler/crypto/altestate-3/contracts/base/Crowdsale.sol
FN:149,inState
FN:196,setFlags
FN:238,setMinimum
FN:251,setPrice
FN:259,setSoftHardCaps
FN:268,setTime
FN:280,setToken
FN:287,setWallet
FN:295,setRegistry
FN:303,setExtraDistribution
FN:313,setAmountBonuses
FN:331,setTimeBonuses
FN:365,setTokenExcange
FN:372,saneIt
FN:408,finalizeIt
FN:420,historyIt
FN:432,calculateEthAmount
FN:479,calculateAmountBonus
FN:491,calculateTimeBonus
FN:503,validPurchase
FN:562,updateTokenValue
FN:573,success
FN:581,capped
FN:589,ended
FN:601,
FN:605,buyTokens
FN:612,buyWithHash
FN:621,receiveApproval
FN:642,claimFunds
FN:648,claimTokenFunds
FN:656,claimRefundEther
FN:662,claimRefundTokens
FN:668,addToWhitelist
FN:684,setPersonalBonus
FN:705,sellTokens
FN:757,shipTokens
FN:767,forwardEther
FN:772,forwardTokens
FN:785,toUint
FN:803,uintToString
FN:819,addressToString
FN:831,char
FN:836,appendUintToString
FNF:43
FNH:31
FNDA:188,inState
FNDA:15,setFlags
FNDA:2,setMinimum
FNDA:15,setPrice
FNDA:17,setSoftHardCaps
FNDA:15,setTime
FNDA:15,setToken
FNDA:16,setWallet
FNDA:5,setRegistry
FNDA:3,setExtraDistribution
FNDA:1,setAmountBonuses
FNDA:3,setTimeBonuses
FNDA:3,setTokenExcange
FNDA:15,saneIt
FNDA:0,finalizeIt
FNDA:0,historyIt
FNDA:29,calculateEthAmount
FNDA:4,calculateAmountBonus
FNDA:5,calculateTimeBonus
FNDA:19,validPurchase
FNDA:6,updateTokenValue
FNDA:2,success
FNDA:0,capped
FNDA:0,ended
FNDA:0,
FNDA:17,buyTokens
FNDA:0,buyWithHash
FNDA:4,receiveApproval
FNDA:1,claimFunds
FNDA:0,claimTokenFunds
FNDA:0,claimRefundEther
FNDA:0,claimRefundTokens
FNDA:2,addToWhitelist
FNDA:2,setPersonalBonus
FNDA:19,sellTokens
FNDA:14,shipTokens
FNDA:10,forwardEther
FNDA:2,forwardTokens
FNDA:4,toUint
FNDA:0,uintToString
FNDA:0,addressToString
FNDA:0,char
FNDA:2,appendUintToString
DA:150,188
DA:151,182
DA:223,15
DA:224,15
DA:225,15
DA:226,15
DA:227,15
DA:228,15
DA:229,15
DA:230,15
DA:231,15
DA:232,15
DA:233,15
DA:234,15
DA:241,2
DA:242,0
DA:243,0
DA:245,2
DA:246,2
DA:247,2
DA:254,15
DA:256,15
DA:264,17
DA:265,17
DA:271,15
DA:272,15
DA:276,15
DA:277,15
DA:283,15
DA:284,15
DA:290,16
DA:292,16
DA:298,5
DA:300,5
DA:306,3
DA:309,3
DA:310,3
DA:316,1
DA:317,1
DA:318,1
DA:319,1
DA:320,3
DA:321,3
DA:322,3
DA:323,3
DA:328,1
DA:340,3
DA:341,3
DA:342,3
DA:343,3
DA:344,3
DA:346,2
DA:347,2
DA:350,3
DA:351,5
DA:354,4
DA:358,4
DA:359,4
DA:360,4
DA:362,2
DA:368,3
DA:369,3
DA:375,15
DA:376,15
DA:378,15
DA:380,15
DA:381,15
DA:383,15
DA:384,5
DA:387,14
DA:388,1
DA:391,14
DA:392,1
DA:395,14
DA:396,1
DA:399,14
DA:400,2
DA:402,12
DA:405,14
DA:409,0
DA:411,0
DA:413,0
DA:414,0
DA:416,0
DA:421,0
DA:422,0
DA:444,29
DA:445,29
DA:447,29
DA:448,4
DA:451,29
DA:452,5
DA:455,29
DA:456,3
DA:459,29
DA:460,29
DA:461,10
DA:464,29
DA:465,1
DA:468,29
DA:472,1
DA:473,1
DA:476,29
DA:480,4
DA:481,4
DA:482,9
DA:483,3
DA:486,6
DA:488,4
DA:492,5
DA:493,5
DA:494,14
DA:495,4
DA:497,10
DA:500,5
DA:512,19
DA:513,19
DA:516,19
DA:518,3
DA:519,1
DA:523,2
DA:524,0
DA:528,18
DA:529,0
DA:532,18
DA:533,1
DA:536,17
DA:537,17
DA:539,17
DA:540,7
DA:541,7
DA:544,5
DA:548,12
DA:549,1
DA:550,0
DA:553,11
DA:554,0
DA:558,12
DA:563,6
DA:564,6
DA:574,2
DA:575,2
DA:577,0
DA:582,0
DA:583,0
DA:585,0
DA:590,0
DA:602,0
DA:606,17
DA:607,17
DA:608,10
DA:609,10
DA:615,0
DA:616,0
DA:617,0
DA:618,0
DA:628,4
DA:629,3
DA:630,2
DA:632,2
DA:633,2
DA:635,2
DA:636,2
DA:637,2
DA:639,2
DA:643,1
DA:644,0
DA:645,0
DA:649,0
DA:650,0
DA:651,0
DA:652,0
DA:653,0
DA:657,0
DA:658,0
DA:659,0
DA:663,0
DA:664,0
DA:665,0
DA:670,2
DA:671,2
DA:673,2
DA:674,0
DA:677,2
DA:678,2
DA:679,2
DA:681,2
DA:689,2
DA:695,2
DA:708,19
DA:709,19
DA:710,19
DA:711,19
DA:712,19
DA:713,19
DA:719,19
DA:726,12
DA:727,12
DA:728,12
DA:730,12
DA:734,12
DA:736,12
DA:737,1
DA:741,1
DA:744,12
DA:745,2
DA:746,2
DA:747,1
DA:749,1
DA:753,12
DA:754,12
DA:760,14
DA:761,1
DA:763,13
DA:768,10
DA:769,10
DA:773,2
DA:774,2
DA:775,2
DA:776,2
DA:786,4
DA:787,4
DA:788,128
DA:791,4
DA:804,0
DA:805,0
DA:806,0
DA:807,0
DA:808,0
DA:809,0
DA:810,0
DA:812,0
DA:813,0
DA:814,0
DA:816,0
DA:820,0
DA:821,0
DA:822,0
DA:823,0
DA:824,0
DA:825,0
DA:826,0
DA:828,0
DA:832,0
DA:837,2
DA:838,2
DA:839,2
DA:840,2
DA:841,39
DA:842,39
DA:843,39
DA:845,2
DA:846,2
DA:847,2
DA:848,2
DA:849,28
DA:851,2
DA:852,39
DA:854,2
LF:259
LH:202
BRDA:150,1,0,182
BRDA:150,1,1,6
BRDA:241,2,0,0
BRDA:241,2,1,2
BRDA:254,3,0,15
BRDA:254,3,1,0
BRDA:271,4,0,15
BRDA:271,4,1,0
BRDA:272,5,0,15
BRDA:272,5,1,0
BRDA:290,6,0,16
BRDA:290,6,1,0
BRDA:298,7,0,5
BRDA:298,7,1,0
BRDA:306,8,0,3
BRDA:306,8,1,0
BRDA:316,9,0,1
BRDA:316,9,1,0
BRDA:317,10,0,1
BRDA:317,10,1,0
BRDA:320,11,0,3
BRDA:320,11,1,0
BRDA:340,12,0,3
BRDA:340,12,1,0
BRDA:341,13,0,3
BRDA:341,13,1,0
BRDA:344,14,0,2
BRDA:344,14,1,1
BRDA:351,15,0,4
BRDA:351,15,1,1
BRDA:354,16,0,4
BRDA:354,16,1,0
BRDA:375,17,0,15
BRDA:375,17,1,0
BRDA:376,18,0,15
BRDA:376,18,1,0
BRDA:378,19,0,15
BRDA:378,19,1,0
BRDA:380,20,0,15
BRDA:380,20,1,0
BRDA:381,21,0,15
BRDA:381,21,1,0
BRDA:383,22,0,5
BRDA:383,22,1,10
BRDA:384,23,0,4
BRDA:384,23,1,1
BRDA:387,24,0,1
BRDA:387,24,1,13
BRDA:388,25,0,1
BRDA:388,25,1,0
BRDA:391,26,0,1
BRDA:391,26,1,13
BRDA:392,27,0,1
BRDA:392,27,1,0
BRDA:395,28,0,1
BRDA:395,28,1,13
BRDA:396,29,0,1
BRDA:396,29,1,0
BRDA:399,30,0,2
BRDA:399,30,1,12
BRDA:400,31,0,2
BRDA:400,31,1,0
BRDA:402,32,0,12
BRDA:402,32,1,0
BRDA:409,33,0,0
BRDA:409,33,1,0
BRDA:413,34,0,0
BRDA:413,34,1,0
BRDA:421,35,0,0
BRDA:421,35,1,0
BRDA:447,36,0,4
BRDA:447,36,1,25
BRDA:451,37,0,5
BRDA:451,37,1,24
BRDA:455,38,0,3
BRDA:455,38,1,26
BRDA:460,39,0,10
BRDA:460,39,1,19
BRDA:464,40,0,1
BRDA:464,40,1,28
BRDA:468,41,0,1
BRDA:468,41,1,28
BRDA:482,42,0,3
BRDA:482,42,1,6
BRDA:494,43,0,4
BRDA:494,43,1,10
BRDA:516,44,0,3
BRDA:516,44,1,16
BRDA:518,45,0,1
BRDA:518,45,1,2
BRDA:523,46,0,0
BRDA:523,46,1,2
BRDA:528,47,0,0
BRDA:528,47,1,18
BRDA:532,48,0,1
BRDA:532,48,1,17
BRDA:539,49,0,7
BRDA:539,49,1,10
BRDA:541,50,0,5
BRDA:541,50,1,2
BRDA:548,51,0,1
BRDA:548,51,1,11
BRDA:549,52,0,0
BRDA:549,52,1,1
BRDA:553,53,0,0
BRDA:553,53,1,11
BRDA:563,54,0,6
BRDA:563,54,1,0
BRDA:574,55,0,2
BRDA:574,55,1,0
BRDA:582,56,0,0
BRDA:582,56,1,0
BRDA:606,57,0,17
BRDA:606,57,1,0
BRDA:608,58,0,10
BRDA:608,58,1,0
BRDA:615,59,0,0
BRDA:615,59,1,0
BRDA:617,60,0,0
BRDA:617,60,1,0
BRDA:628,61,0,3
BRDA:628,61,1,1
BRDA:629,62,0,2
BRDA:629,62,1,1
BRDA:630,63,0,2
BRDA:630,63,1,0
BRDA:633,64,0,2
BRDA:633,64,1,0
BRDA:637,65,0,2
BRDA:637,65,1,0
BRDA:643,66,0,0
BRDA:643,66,1,1
BRDA:649,67,0,0
BRDA:649,67,1,0
BRDA:651,68,0,0
BRDA:651,68,1,0
BRDA:652,69,0,0
BRDA:652,69,1,0
BRDA:657,70,0,0
BRDA:657,70,1,0
BRDA:663,71,0,0
BRDA:663,71,1,0
BRDA:664,72,0,0
BRDA:664,72,1,0
BRDA:670,73,0,2
BRDA:670,73,1,0
BRDA:671,74,0,2
BRDA:671,74,1,0
BRDA:673,75,0,0
BRDA:673,75,1,2
BRDA:719,76,0,12
BRDA:719,76,1,7
BRDA:736,77,0,1
BRDA:736,77,1,11
BRDA:744,78,0,2
BRDA:744,78,1,10
BRDA:746,79,0,1
BRDA:746,79,1,1
BRDA:760,80,0,1
BRDA:760,80,1,13
BRDA:832,81,0,0
BRDA:832,81,1,0
BRF:162
BRH:98
end_of_record
TN:
SF:/Users/aler/crypto/altestate-3/contracts/base/DefaultToken.sol
FN:12,DefaultToken
FN:21,takeAway
FNF:2
FNH:2
FNDA:18,DefaultToken
FNDA:1,takeAway
DA:16,18
DA:17,18
DA:18,18
DA:22,1
DA:24,1
DA:25,1
DA:26,1
DA:28,1
LF:8
LH:8
BRDA:22,1,0,1
BRDA:22,1,1,0
BRF:2
BRH:1
end_of_record
TN:
SF:/Users/aler/crypto/altestate-3/contracts/base/MultiOwners.sol
FN:11,MultiOwners
FN:16,onlyOwner
FN:21,isOwner
FN:25,checkOwner
FN:29,grant
FN:34,revoke
FNF:6
FNH:6
FNDA:29,MultiOwners
FNDA:188,onlyOwner
FNDA:8,isOwner
FNDA:2,checkOwner
FNDA:2,grant
FNDA:2,revoke
DA:12,29
DA:13,29
DA:17,188
DA:18,166
DA:22,8
DA:26,2
DA:30,2
DA:31,2
DA:35,2
DA:36,1
DA:38,1
DA:39,1
LF:12
LH:12
BRDA:17,1,0,166
BRDA:17,1,1,22
BRDA:35,2,0,1
BRDA:35,2,1,1
BRDA:36,3,0,1
BRDA:36,3,1,0
BRF:6
BRH:5
end_of_record
TN:
SF:/Users/aler/crypto/altestate-3/contracts/base/NamedToken.sol
FN:10,NamedToken
FNF:1
FNH:0
FNDA:0,NamedToken
DA:11,0
DA:12,0
DA:13,0
LF:3
LH:0
BRF:0
BRH:0
end_of_record
TN:
SF:/Users/aler/crypto/altestate-3/contracts/base/TokenPolicy.sol
FN:11,TokenPolicy
FN:18,shouldPassPolicy
FN:30,transfer
FN:34,transferFrom
FN:38,unfrezee
FNF:5
FNH:5
FNDA:18,TokenPolicy
FNDA:21,shouldPassPolicy
FNDA:15,transfer
FNDA:2,transferFrom
FNDA:1,unfrezee
DA:12,18
DA:13,18
DA:20,21
DA:26,19
DA:28,17
DA:31,15
DA:35,2
DA:39,1
DA:40,1
LF:9
LH:9
BRDA:12,1,0,18
BRDA:12,1,1,0
BRDA:20,2,0,19
BRDA:20,2,1,2
BRDA:26,3,0,17
BRDA:26,3,1,2
BRDA:39,4,0,1
BRDA:39,4,1,0
BRF:8
BRH:6
end_of_record
TN:
SF:/Users/aler/crypto/altestate-3/contracts/base/TokenRecipient.sol
FNF:0
FNH:0
LF:0
LH:0
BRF:0
BRH:0
end_of_record
TN:
SF:/Users/aler/crypto/altestate-3/contracts/base/UserRegistryInterface.sol
FNF:0
FNH:0
LF:0
LH:0
BRF:0
BRH:0
end_of_record
TN:
SF:/Users/aler/crypto/altestate-3/contracts/SQM1Crowdsale.sol
FN:6,SQM1Crowdsale
FNF:1
FNH:1
FNDA:2,SQM1Crowdsale
LF:0
LH:0
BRF:0
BRH:0
end_of_record
TN:
SF:/Users/aler/crypto/altestate-3/contracts/SQM1Token.sol
FN:6,SQM1Token
FNF:1
FNH:1
FNDA:2,SQM1Token
LF:0
LH:0
BRF:0
BRH:0
end_of_record
TN:
SF:/Users/aler/crypto/altestate-3/contracts/UserRegistry.sol
FN:11,addAddress
FN:18,addSystem
FN:23,addIdentity
FN:34,knownAddress
FN:38,hasIdentity
FN:42,systemAddress
FN:46,systemAddresses
FNF:7
FNH:7
FNDA:4,addAddress
FNDA:18,addSystem
FNDA:4,addIdentity
FNDA:52,knownAddress
FNDA:17,hasIdentity
FNDA:30,systemAddress
FNDA:19,systemAddresses
DA:12,4
DA:13,4
DA:14,4
DA:15,4
DA:19,18
DA:20,18
DA:24,4
DA:25,4
DA:26,2
DA:27,2
DA:29,4
DA:30,4
DA:31,4
DA:35,52
DA:39,17
DA:43,30
DA:47,19
LF:17
LH:17
BRDA:12,1,0,4
BRDA:12,1,1,0
BRDA:24,2,0,4
BRDA:24,2,1,0
BRDA:25,3,0,2
BRDA:25,3,1,2
BRF:6
BRH:4
end_of_record
